2025-07-11 17:40:27 - [32minfo[39m: Creating configuration file...
2025-07-11 17:40:27 - [34mdebug[39m: requireModuleV3 :: module - @playwright/test/package.json, package - @playwright/test
2025-07-11 17:40:27 - [34mdebug[39m: Unable to resolve module with requireModuleV3 with error: Error: Cannot find module '@playwright/test'
Require stack:
- /Users/vigneshshrinivasan/Desktop/Nightwatch/node_modules/browserstack-node-sdk/src/helpers/helper.js
- /Users/vigneshshrinivasan/Desktop/Nightwatch/node_modules/browserstack-node-sdk/src/bin/setup.js
2025-07-11 17:40:27 - [34mdebug[39m: requireModuleV2 :: module - @playwright/test/package.json, package - @playwright/test
2025-07-11 17:40:27 - [34mdebug[39m: Getting @playwright/test/package.json from /Users/vigneshshrinivasan/Desktop/Nightwatch
2025-07-11 17:40:27 - [34mdebug[39m: @playwright/test/package.json doesn't exist at /Users/vigneshshrinivasan/Desktop/Nightwatch
2025-07-11 17:40:27 - [34mdebug[39m: Getting @playwright/test/package.json from path /Users/vigneshshrinivasan/Desktop/Nightwatch
2025-07-11 17:40:27 - [34mdebug[39m: Getting @playwright/test/package.json from null
2025-07-11 17:40:27 - [34mdebug[39m: Error while loading package. Error: @playwright/test/package.json doesn't exist.
2025-07-11 17:40:27 - [34mdebug[39m: requireModuleV3 :: module - selenium-webdriver/package.json, package - selenium-webdriver
2025-07-11 17:40:27 - [34mdebug[39m: Resolved from resolveModuleV3 :: Path - /Users/vigneshshrinivasan/Desktop/Nightwatch/node_modules/selenium-webdriver/package.json
2025-07-11 17:40:27 - [34mdebug[39m: Firing SDK event for funnel data: {"userName":"[REDACTED]","accessKey":"[REDACTED]","event_type":"SDKSetup","detectedFramework":"","optimalHubUrl":[],"event_properties":{"testhub_uuid":"","product_map":{"observability":true,"accessibility":false,"percy":false,"automate":true,"app_automate":false,"central_scanner":false,"lcnc":false},"productMap":{"observability":true,"accessibility":false,"percy":false,"automate":true,"app_automate":false,"central_scanner":false,"lcnc":false},"language_framework":"node-setup","referrer":"nodeagent/1.38.0","frameworkVersion":null,"automationFramework":"selenium","automationFrameworkVersion":"4.27.0","language":"nodejs","languageVersion":"v24.3.0","product":["automate","observability"],"buildName":"browserstack build","buildIdentifier":"#${BUILD_NUMBER}","os":"Darwin","hostname":"VigneshShrinivasan-GMGGPWY2N9","seleniumVersion":"4.27.0"}}
2025-07-11 17:40:27 - [32minfo[39m: Adding new script(s) in package.json...
2025-07-11 17:40:27 - [32minfo[39m: Setup completed
2025-07-11 17:40:27 - [34mdebug[39m: Sending request to https://api.browserstack.com/sdk/v1/event
2025-07-11 17:40:27 - [34mdebug[39m: Response from https://api.browserstack.com/sdk/v1/event: 200 OK
2025-07-11 17:40:27 - [34mdebug[39m: API Event SDKSetup response - {"data":{"message":"SDK Event recorded successfully"},"body":"{\"message\":\"SDK Event recorded successfully\"}","statusCode":200}
